  Main.cpp
D:\Users\JStewart8\Desktop\OO-Assignment\OO Assignment\Map.h(223,21): warning C4018:  '<': signed/unsigned mismatch
D:\Users\JStewart8\Desktop\OO-Assignment\OO Assignment\Map.h(219): message :  while compiling class template member function 'void CMap<TypeKey,TypeValue>::OutputData(void)'
D:\Users\JStewart8\Desktop\OO-Assignment\OO Assignment\Map.h(219): message :         with
D:\Users\JStewart8\Desktop\OO-Assignment\OO Assignment\Map.h(219): message :         [
D:\Users\JStewart8\Desktop\OO-Assignment\OO Assignment\Map.h(219): message :             TypeKey=int,
D:\Users\JStewart8\Desktop\OO-Assignment\OO Assignment\Map.h(219): message :             TypeValue=int
D:\Users\JStewart8\Desktop\OO-Assignment\OO Assignment\Map.h(219): message :         ]
D:\Users\JStewart8\Desktop\OO-Assignment\OO Assignment\Main.cpp(23): message :  see reference to function template instantiation 'void CMap<TypeKey,TypeValue>::OutputData(void)' being compiled
D:\Users\JStewart8\Desktop\OO-Assignment\OO Assignment\Main.cpp(23): message :         with
D:\Users\JStewart8\Desktop\OO-Assignment\OO Assignment\Main.cpp(23): message :         [
D:\Users\JStewart8\Desktop\OO-Assignment\OO Assignment\Main.cpp(23): message :             TypeKey=int,
D:\Users\JStewart8\Desktop\OO-Assignment\OO Assignment\Main.cpp(23): message :             TypeValue=int
D:\Users\JStewart8\Desktop\OO-Assignment\OO Assignment\Main.cpp(23): message :         ]
D:\Users\JStewart8\Desktop\OO-Assignment\OO Assignment\Main.cpp(10): message :  see reference to class template instantiation 'CMap<TypeKey,TypeValue>' being compiled
D:\Users\JStewart8\Desktop\OO-Assignment\OO Assignment\Main.cpp(10): message :         with
D:\Users\JStewart8\Desktop\OO-Assignment\OO Assignment\Main.cpp(10): message :         [
D:\Users\JStewart8\Desktop\OO-Assignment\OO Assignment\Main.cpp(10): message :             TypeKey=int,
D:\Users\JStewart8\Desktop\OO-Assignment\OO Assignment\Main.cpp(10): message :             TypeValue=int
D:\Users\JStewart8\Desktop\OO-Assignment\OO Assignment\Main.cpp(10): message :         ]
D:\Users\JStewart8\Desktop\OO-Assignment\OO Assignment\Main.cpp(70): message :  see reference to function template instantiation 'void TestCases<int,int>(TypeKey [],TypeValue [])' being compiled
D:\Users\JStewart8\Desktop\OO-Assignment\OO Assignment\Main.cpp(70): message :         with
D:\Users\JStewart8\Desktop\OO-Assignment\OO Assignment\Main.cpp(70): message :         [
D:\Users\JStewart8\Desktop\OO-Assignment\OO Assignment\Main.cpp(70): message :             TypeKey=int,
D:\Users\JStewart8\Desktop\OO-Assignment\OO Assignment\Main.cpp(70): message :             TypeValue=int
D:\Users\JStewart8\Desktop\OO-Assignment\OO Assignment\Main.cpp(70): message :         ]
D:\Users\JStewart8\Desktop\OO-Assignment\OO Assignment\Map.h(110,20): warning C4018:  '<': signed/unsigned mismatch
D:\Users\JStewart8\Desktop\OO-Assignment\OO Assignment\Map.h(97): message :  while compiling class template member function 'void CMap<TypeKey,TypeValue>::Erase(TypeKey)'
D:\Users\JStewart8\Desktop\OO-Assignment\OO Assignment\Map.h(97): message :         with
D:\Users\JStewart8\Desktop\OO-Assignment\OO Assignment\Map.h(97): message :         [
D:\Users\JStewart8\Desktop\OO-Assignment\OO Assignment\Map.h(97): message :             TypeKey=int,
D:\Users\JStewart8\Desktop\OO-Assignment\OO Assignment\Map.h(97): message :             TypeValue=int
D:\Users\JStewart8\Desktop\OO-Assignment\OO Assignment\Map.h(97): message :         ]
D:\Users\JStewart8\Desktop\OO-Assignment\OO Assignment\Main.cpp(27): message :  see reference to function template instantiation 'void CMap<TypeKey,TypeValue>::Erase(TypeKey)' being compiled
D:\Users\JStewart8\Desktop\OO-Assignment\OO Assignment\Main.cpp(27): message :         with
D:\Users\JStewart8\Desktop\OO-Assignment\OO Assignment\Main.cpp(27): message :         [
D:\Users\JStewart8\Desktop\OO-Assignment\OO Assignment\Main.cpp(27): message :             TypeKey=int,
D:\Users\JStewart8\Desktop\OO-Assignment\OO Assignment\Main.cpp(27): message :             TypeValue=int
D:\Users\JStewart8\Desktop\OO-Assignment\OO Assignment\Main.cpp(27): message :         ]
D:\Users\JStewart8\Desktop\OO-Assignment\OO Assignment\Map.h(133,20): warning C4018:  '<': signed/unsigned mismatch
D:\Users\JStewart8\Desktop\OO-Assignment\OO Assignment\Map.h(145,20): warning C4018:  '<': signed/unsigned mismatch
D:\Users\JStewart8\Desktop\OO-Assignment\OO Assignment\Map.h(201,20): warning C4018:  '<': signed/unsigned mismatch
D:\Users\JStewart8\Desktop\OO-Assignment\OO Assignment\Map.h(199): message :  while compiling class template member function 'TypeValue CMap<TypeKey,TypeValue>::Find(TypeKey)'
D:\Users\JStewart8\Desktop\OO-Assignment\OO Assignment\Map.h(199): message :         with
D:\Users\JStewart8\Desktop\OO-Assignment\OO Assignment\Map.h(199): message :         [
D:\Users\JStewart8\Desktop\OO-Assignment\OO Assignment\Map.h(199): message :             TypeValue=int,
D:\Users\JStewart8\Desktop\OO-Assignment\OO Assignment\Map.h(199): message :             TypeKey=int
D:\Users\JStewart8\Desktop\OO-Assignment\OO Assignment\Map.h(199): message :         ]
D:\Users\JStewart8\Desktop\OO-Assignment\OO Assignment\Main.cpp(34): message :  see reference to function template instantiation 'TypeValue CMap<TypeKey,TypeValue>::Find(TypeKey)' being compiled
D:\Users\JStewart8\Desktop\OO-Assignment\OO Assignment\Main.cpp(34): message :         with
D:\Users\JStewart8\Desktop\OO-Assignment\OO Assignment\Main.cpp(34): message :         [
D:\Users\JStewart8\Desktop\OO-Assignment\OO Assignment\Main.cpp(34): message :             TypeValue=int,
D:\Users\JStewart8\Desktop\OO-Assignment\OO Assignment\Main.cpp(34): message :             TypeKey=int
D:\Users\JStewart8\Desktop\OO-Assignment\OO Assignment\Main.cpp(34): message :         ]
D:\Users\JStewart8\Desktop\OO-Assignment\OO Assignment\Map.h(209): warning C4715:  'CMap<int,int>::Find': not all control paths return a value
D:\Users\JStewart8\Desktop\OO-Assignment\OO Assignment\Map.h(209): warning C4715:  'CMap<int,float>::Find': not all control paths return a value
D:\Users\JStewart8\Desktop\OO-Assignment\OO Assignment\Map.h(209): warning C4715:  'CMap<int,double>::Find': not all control paths return a value
D:\Users\JStewart8\Desktop\OO-Assignment\OO Assignment\Map.h(209): warning C4715:  'CMap<int,char>::Find': not all control paths return a value
D:\Users\JStewart8\Desktop\OO-Assignment\OO Assignment\Map.h(209): warning C4715:  'CMap<int,std::basic_string<char,std::char_traits<char>,std::allocator<char> > >::Find': not all control paths return a value
D:\Users\JStewart8\Desktop\OO-Assignment\OO Assignment\Map.h(209): warning C4715:  'CMap<float,int>::Find': not all control paths return a value
D:\Users\JStewart8\Desktop\OO-Assignment\OO Assignment\Map.h(209): warning C4715:  'CMap<float,float>::Find': not all control paths return a value
D:\Users\JStewart8\Desktop\OO-Assignment\OO Assignment\Map.h(209): warning C4715:  'CMap<float,char>::Find': not all control paths return a value
D:\Users\JStewart8\Desktop\OO-Assignment\OO Assignment\Map.h(209): warning C4715:  'CMap<float,std::basic_string<char,std::char_traits<char>,std::allocator<char> > >::Find': not all control paths return a value
D:\Users\JStewart8\Desktop\OO-Assignment\OO Assignment\Map.h(209): warning C4715:  'CMap<float,double>::Find': not all control paths return a value
D:\Users\JStewart8\Desktop\OO-Assignment\OO Assignment\Map.h(209): warning C4715:  'CMap<double,float>::Find': not all control paths return a value
D:\Users\JStewart8\Desktop\OO-Assignment\OO Assignment\Map.h(209): warning C4715:  'CMap<double,int>::Find': not all control paths return a value
D:\Users\JStewart8\Desktop\OO-Assignment\OO Assignment\Map.h(209): warning C4715:  'CMap<double,double>::Find': not all control paths return a value
D:\Users\JStewart8\Desktop\OO-Assignment\OO Assignment\Map.h(209): warning C4715:  'CMap<double,char>::Find': not all control paths return a value
D:\Users\JStewart8\Desktop\OO-Assignment\OO Assignment\Map.h(209): warning C4715:  'CMap<double,std::basic_string<char,std::char_traits<char>,std::allocator<char> > >::Find': not all control paths return a value
D:\Users\JStewart8\Desktop\OO-Assignment\OO Assignment\Map.h(209): warning C4715:  'CMap<char,int>::Find': not all control paths return a value
D:\Users\JStewart8\Desktop\OO-Assignment\OO Assignment\Map.h(209): warning C4715:  'CMap<char,float>::Find': not all control paths return a value
D:\Users\JStewart8\Desktop\OO-Assignment\OO Assignment\Map.h(209): warning C4715:  'CMap<char,char>::Find': not all control paths return a value
D:\Users\JStewart8\Desktop\OO-Assignment\OO Assignment\Map.h(209): warning C4715:  'CMap<char,double>::Find': not all control paths return a value
D:\Users\JStewart8\Desktop\OO-Assignment\OO Assignment\Map.h(209): warning C4715:  'CMap<std::basic_string<char,std::char_traits<char>,std::allocator<char> >,int>::Find': not all control paths return a value
D:\Users\JStewart8\Desktop\OO-Assignment\OO Assignment\Map.h(209): warning C4715:  'CMap<char,std::basic_string<char,std::char_traits<char>,std::allocator<char> > >::Find': not all control paths return a value
D:\Users\JStewart8\Desktop\OO-Assignment\OO Assignment\Map.h(209): warning C4715:  'CMap<std::basic_string<char,std::char_traits<char>,std::allocator<char> >,float>::Find': not all control paths return a value
D:\Users\JStewart8\Desktop\OO-Assignment\OO Assignment\Map.h(209): warning C4715:  'CMap<std::basic_string<char,std::char_traits<char>,std::allocator<char> >,double>::Find': not all control paths return a value
D:\Users\JStewart8\Desktop\OO-Assignment\OO Assignment\Map.h(209): warning C4715:  'CMap<std::basic_string<char,std::char_traits<char>,std::allocator<char> >,char>::Find': not all control paths return a value
D:\Users\JStewart8\Desktop\OO-Assignment\OO Assignment\Map.h(209): warning C4715:  'CMap<std::basic_string<char,std::char_traits<char>,std::allocator<char> >,std::basic_string<char,std::char_traits<char>,std::allocator<char> > >::Find': not all control paths return a value
  OO Assignment.vcxproj -> D:\Users\JStewart8\Desktop\OO-Assignment\Debug\OO Assignment.exe
